[INFO  - 2020-07-21T16:02:44.657Z] GhostDriver - Main - running on port 49667
[INFO  - 2020-07-21T16:02:45.499Z] Session [9da38520-cb6b-11ea-86fb-6be6842dfb17] - page.settings - {"XSSAuditingEnabled":false,"javascriptCanCloseWindows":true,"javascriptCanOpenWindows":true,"javascriptEnabled":true,"loadImages":true,"localToRemoteUrlAccessEnabled":false,"userAgent":"Mozilla/5.0 (Unknown; Linux i686) AppleWebKit/538.1 (KHTML, like Gecko) PhantomJS/2.1.1 Safari/538.1","webSecurityEnabled":true}
[INFO  - 2020-07-21T16:02:45.499Z] Session [9da38520-cb6b-11ea-86fb-6be6842dfb17] - page.customHeaders:  - {}
[INFO  - 2020-07-21T16:02:45.499Z] Session [9da38520-cb6b-11ea-86fb-6be6842dfb17] - Session.negotiatedCapabilities - {"browserName":"phantomjs","version":"2.1.1","driverName":"ghostdriver","driverVersion":"1.2.0","platform":"linux-unknown-32bit","javascriptEnabled":true,"takesScreenshot":true,"handlesAlerts":false,"databaseEnabled":false,"locationContextEnabled":false,"applicationCacheEnabled":false,"browserConnectionEnabled":false,"cssSelectorsEnabled":true,"webStorageEnabled":false,"rotatable":false,"acceptSslCerts":false,"nativeEvents":true,"proxy":{"proxyType":"direct"}}
[INFO  - 2020-07-21T16:02:45.499Z] SessionManagerReqHand - _postNewSessionCommand - New Session Created: 9da38520-cb6b-11ea-86fb-6be6842dfb17
[ERROR - 2020-07-21T16:02:46.631Z] Session [9da38520-cb6b-11ea-86fb-6be6842dfb17] - page.onError - msg: ReferenceError: Can't find variable: WeakMap

  phantomjs://platform/console++.js:263 in error
[ERROR - 2020-07-21T16:02:46.631Z] Session [9da38520-cb6b-11ea-86fb-6be6842dfb17] - page.onError - stack:
  (anonymous function) (https://aristeguinoticias.com/js/prebid3.19.0.js:1)
  f (https://aristeguinoticias.com/js/prebid3.19.0.js:1)
  (anonymous function) (https://aristeguinoticias.com/js/prebid3.19.0.js:1)
  f (https://aristeguinoticias.com/js/prebid3.19.0.js:1)
  (anonymous function) (https://aristeguinoticias.com/js/prebid3.19.0.js:1)
  f (https://aristeguinoticias.com/js/prebid3.19.0.js:1)
  (anonymous function) (https://aristeguinoticias.com/js/prebid3.19.0.js:1)
  f (https://aristeguinoticias.com/js/prebid3.19.0.js:1)
  (anonymous function) (https://aristeguinoticias.com/js/prebid3.19.0.js:1)
  f (https://aristeguinoticias.com/js/prebid3.19.0.js:1)
  (anonymous function) (https://aristeguinoticias.com/js/prebid3.19.0.js:1)
  f (https://aristeguinoticias.com/js/prebid3.19.0.js:1)
  (anonymous function) (https://aristeguinoticias.com/js/prebid3.19.0.js:1)
  f (https://aristeguinoticias.com/js/prebid3.19.0.js:1)
  (anonymous function) (https://aristeguinoticias.com/js/prebid3.19.0.js:1)
  f (https://aristeguinoticias.com/js/prebid3.19.0.js:1)
  (anonymous function) (https://aristeguinoticias.com/js/prebid3.19.0.js:1)
  f (https://aristeguinoticias.com/js/prebid3.19.0.js:1)
  (anonymous function) (https://aristeguinoticias.com/js/prebid3.19.0.js:1)

  phantomjs://platform/console++.js:263 in error
[ERROR - 2020-07-21T16:02:47.063Z] Session [9da38520-cb6b-11ea-86fb-6be6842dfb17] - page.onError - msg: [aimtell] Browser does not support push

  phantomjs://platform/console++.js:263 in error
[ERROR - 2020-07-21T16:02:47.063Z] Session [9da38520-cb6b-11ea-86fb-6be6842dfb17] - page.onError - stack:
  _aimtellDebugger (https://s3.amazonaws.com/cdn.aimtell.com/trackpush/trackpush.min.js:1)

  phantomjs://platform/console++.js:263 in error
